build/app/intermediates/manifest_merge_blame_file/release/manifest-merger-blame-release-report.txt
1<?xml version="1.0" encoding="utf-8"?>
2<manifest xmlns:android="http://schemas.android.com/apk/res/android"
3    package="com.example.newmap"
4    android:versionCode="1"
5    android:versionName="1.0.0" >
6
7    <uses-sdk
8        android:minSdkVersion="21"
8-->src\main\AndroidManifest.xml
9        android:targetSdkVersion="30" />
9-->src\main\AndroidManifest.xml
10
11    <uses-permission android:name="android.permission.ACCESS_FINE_LOCATION" />
11-->src\main\AndroidManifest.xml:4:4-78
11-->src\main\AndroidManifest.xml:4:21-75
12    <uses-permission android:name="android.permission.ACCESS_COARSE_LOCATION" />
12-->src\main\AndroidManifest.xml:5:4-80
12-->src\main\AndroidManifest.xml:5:21-77
13    <uses-permission android:name="android.permission.INTERNET" />
13-->src\main\AndroidManifest.xml:6:7-69
13-->src\main\AndroidManifest.xml:6:24-66
14    <uses-permission android:name="android.permission.WAKE_LOCK" />
14-->[:firebase_messaging] AndroidManifest.xml:8:5-68
14-->[:firebase_messaging] AndroidManifest.xml:8:22-65
15    <uses-permission android:name="android.permission.ACCESS_NETWORK_STATE" />
15-->[:firebase_messaging] AndroidManifest.xml:9:5-79
15-->[:firebase_messaging] AndroidManifest.xml:9:22-76
16    <uses-permission android:name="android.permission.RECEIVE_BOOT_COMPLETED" />
16-->[:flutter_local_notifications] AndroidManifest.xml:7:5-81
16-->[:flutter_local_notifications] AndroidManifest.xml:7:22-78
17    <uses-permission android:name="android.permission.VIBRATE" />
17-->[:flutter_local_notifications] AndroidManifest.xml:8:5-66
17-->[:flutter_local_notifications] AndroidManifest.xml:8:22-63
18    <uses-permission android:name="android.permission.USE_FULL_SCREEN_INTENT" /> <!-- Required by older versions of Google Play services to create IID tokens -->
18-->[:flutter_local_notifications] AndroidManifest.xml:9:5-81
18-->[:flutter_local_notifications] AndroidManifest.xml:9:22-78
19    <uses-permission android:name="com.google.android.c2dm.permission.RECEIVE" />
19-->[com.google.firebase:firebase-messaging:22.0.0] AndroidManifest.xml:25:5-82
19-->[com.google.firebase:firebase-messaging:22.0.0] AndroidManifest.xml:25:22-79
20
21    <uses-feature
21-->[com.google.android.gms:play-services-maps:17.0.0] AndroidManifest.xml:26:5-28:35
22        android:glEsVersion="0x00020000"
22-->[com.google.android.gms:play-services-maps:17.0.0] AndroidManifest.xml:27:9-41
23        android:required="true" />
23-->[com.google.android.gms:play-services-maps:17.0.0] AndroidManifest.xml:28:9-32
24
25    <application
25-->src\main\AndroidManifest.xml:8:4-47:19
26        android:appComponentFactory="androidx.core.app.CoreComponentFactory"
26-->[androidx.core:core:1.3.0] AndroidManifest.xml:24:18-86
27        android:icon="@mipmap/launcher_icon"
27-->src\main\AndroidManifest.xml:10:9-45
28        android:label="SaasTaxi" >
28-->src\main\AndroidManifest.xml:9:9-33
29        <activity
29-->src\main\AndroidManifest.xml:11:9-39:20
30            android:name="com.example.newmap.MainActivity"
30-->src\main\AndroidManifest.xml:12:13-41
31            android:configChanges="orientation|keyboardHidden|keyboard|screenSize|smallestScreenSize|locale|layoutDirection|fontScale|screenLayout|density|uiMode"
31-->src\main\AndroidManifest.xml:15:13-163
32            android:hardwareAccelerated="true"
32-->src\main\AndroidManifest.xml:16:13-47
33            android:launchMode="singleTop"
33-->src\main\AndroidManifest.xml:13:13-43
34            android:theme="@style/LaunchTheme"
34-->src\main\AndroidManifest.xml:14:13-47
35            android:windowSoftInputMode="adjustResize" >
35-->src\main\AndroidManifest.xml:17:13-55
36
37            <!--
38                 Specifies an Android theme to apply to this Activity as soon as
39                 the Android process has started. This theme is visible to the user
40                 while the Flutter UI initializes. After that, this theme continues
41                 to determine the Window background behind the Flutter UI.
42            -->
43            <meta-data
43-->src\main\AndroidManifest.xml:22:13-25:17
44                android:name="io.flutter.embedding.android.NormalTheme"
44-->src\main\AndroidManifest.xml:23:15-70
45                android:resource="@style/NormalTheme" />
45-->src\main\AndroidManifest.xml:24:15-52
46            <!--
47                 Displays an Android View that continues showing the launch screen
48                 Drawable until Flutter paints its first frame, then this splash
49                 screen fades out. A splash screen is useful to avoid any visual
50                 gap between the end of Android's launch screen and the painting of
51                 Flutter's first frame.
52            -->
53            <meta-data
53-->src\main\AndroidManifest.xml:31:13-34:17
54                android:name="io.flutter.embedding.android.SplashScreenDrawable"
54-->src\main\AndroidManifest.xml:32:15-79
55                android:resource="@drawable/launch_background" />
55-->src\main\AndroidManifest.xml:33:15-61
56
57            <intent-filter>
57-->src\main\AndroidManifest.xml:35:13-38:29
58                <action android:name="android.intent.action.MAIN" />
58-->src\main\AndroidManifest.xml:36:17-68
58-->src\main\AndroidManifest.xml:36:25-66
59
60                <category android:name="android.intent.category.LAUNCHER" />
60-->src\main\AndroidManifest.xml:37:17-76
60-->src\main\AndroidManifest.xml:37:27-74
61            </intent-filter>
62        </activity>
63        <!--
64             Don't delete the meta-data below.
65             This is used by the Flutter tool to generate GeneratedPluginRegistrant.java
66        -->
67        <meta-data
67-->src\main\AndroidManifest.xml:42:9-44:33
68            android:name="flutterEmbedding"
68-->src\main\AndroidManifest.xml:43:13-44
69            android:value="2" />
69-->src\main\AndroidManifest.xml:44:13-30
70        <meta-data
70-->src\main\AndroidManifest.xml:45:13-46:73
71            android:name="com.google.android.geo.API_KEY"
71-->src\main\AndroidManifest.xml:45:24-69
72            android:value="AIzaSyCOgbUkHnHCmwKQkyQ1X85xv-d7ZJ3dZuI" />
72-->src\main\AndroidManifest.xml:46:16-71
73
74        <provider
74-->[:image_picker] AndroidManifest.xml:8:9-16:20
75            android:name="io.flutter.plugins.imagepicker.ImagePickerFileProvider"
75-->[:image_picker] AndroidManifest.xml:9:13-82
76            android:authorities="com.example.newmap.flutter.image_provider"
76-->[:image_picker] AndroidManifest.xml:10:13-74
77            android:exported="false"
77-->[:image_picker] AndroidManifest.xml:11:13-37
78            android:grantUriPermissions="true" >
78-->[:image_picker] AndroidManifest.xml:12:13-47
79            <meta-data
79-->[:image_picker] AndroidManifest.xml:13:13-15:75
80                android:name="android.support.FILE_PROVIDER_PATHS"
80-->[:image_picker] AndroidManifest.xml:14:17-67
81                android:resource="@xml/flutter_image_picker_file_paths" />
81-->[:image_picker] AndroidManifest.xml:15:17-72
82        </provider>
83
84        <service
84-->[:firebase_messaging] AndroidManifest.xml:12:9-15:72
85            android:name="io.flutter.plugins.firebase.messaging.FlutterFirebaseMessagingBackgroundService"
85-->[:firebase_messaging] AndroidManifest.xml:13:13-107
86            android:exported="false"
86-->[:firebase_messaging] AndroidManifest.xml:14:13-37
87            android:permission="android.permission.BIND_JOB_SERVICE" />
87-->[:firebase_messaging] AndroidManifest.xml:15:13-69
88        <service
88-->[:firebase_messaging] AndroidManifest.xml:16:9-22:19
89            android:name="io.flutter.plugins.firebase.messaging.FlutterFirebaseMessagingService"
89-->[:firebase_messaging] AndroidManifest.xml:17:13-97
90            android:exported="false" >
90-->[:firebase_messaging] AndroidManifest.xml:18:13-37
91            <intent-filter>
91-->[:firebase_messaging] AndroidManifest.xml:19:13-21:29
92                <action android:name="com.google.firebase.MESSAGING_EVENT" />
92-->[:firebase_messaging] AndroidManifest.xml:20:17-78
92-->[:firebase_messaging] AndroidManifest.xml:20:25-75
93            </intent-filter>
94        </service>
95
96        <receiver
96-->[:firebase_messaging] AndroidManifest.xml:24:9-31:20
97            android:name="io.flutter.plugins.firebase.messaging.FlutterFirebaseMessagingReceiver"
97-->[:firebase_messaging] AndroidManifest.xml:25:13-98
98            android:exported="true"
98-->[:firebase_messaging] AndroidManifest.xml:26:13-36
99            android:permission="com.google.android.c2dm.permission.SEND" >
99-->[:firebase_messaging] AndroidManifest.xml:27:13-73
100            <intent-filter>
100-->[:firebase_messaging] AndroidManifest.xml:28:13-30:29
101                <action android:name="com.google.android.c2dm.intent.RECEIVE" />
101-->[:firebase_messaging] AndroidManifest.xml:29:17-81
101-->[:firebase_messaging] AndroidManifest.xml:29:25-78
102            </intent-filter>
103        </receiver>
104
105        <service
105-->[:firebase_messaging] AndroidManifest.xml:33:9-37:19
106            android:name="com.google.firebase.components.ComponentDiscoveryService"
106-->[:firebase_messaging] AndroidManifest.xml:33:18-89
107            android:directBootAware="true"
107-->[com.google.firebase:firebase-common:20.0.0] AndroidManifest.xml:35:13-43
108            android:exported="false" >
108-->[com.google.firebase:firebase-auth:21.0.1] AndroidManifest.xml:76:13-37
109            <meta-data
109-->[:firebase_messaging] AndroidManifest.xml:34:13-36:85
110                android:name="com.google.firebase.components:io.flutter.plugins.firebase.messaging.FlutterFirebaseAppRegistrar"
110-->[:firebase_messaging] AndroidManifest.xml:35:17-128
111                android:value="com.google.firebase.components.ComponentRegistrar" />
111-->[:firebase_messaging] AndroidManifest.xml:36:17-82
112            <meta-data
112-->[:firebase_database] AndroidManifest.xml:9:13-11:85
113                android:name="com.google.firebase.components:io.flutter.plugins.firebase.database.FlutterFirebaseAppRegistrar"
113-->[:firebase_database] AndroidManifest.xml:10:17-127
114                android:value="com.google.firebase.components.ComponentRegistrar" />
114-->[:firebase_database] AndroidManifest.xml:11:17-82
115            <meta-data
115-->[:firebase_auth] AndroidManifest.xml:9:13-11:85
116                android:name="com.google.firebase.components:io.flutter.plugins.firebase.auth.FlutterFirebaseAuthRegistrar"
116-->[:firebase_auth] AndroidManifest.xml:10:17-124
117                android:value="com.google.firebase.components.ComponentRegistrar" />
117-->[:firebase_auth] AndroidManifest.xml:11:17-82
118            <meta-data
118-->[:firebase_core] AndroidManifest.xml:9:13-11:85
119                android:name="com.google.firebase.components:io.flutter.plugins.firebase.core.FlutterFirebaseCoreRegistrar"
119-->[:firebase_core] AndroidManifest.xml:10:17-124
120                android:value="com.google.firebase.components.ComponentRegistrar" />
120-->[:firebase_core] AndroidManifest.xml:11:17-82
121            <meta-data
121-->[com.google.firebase:firebase-auth:21.0.1] AndroidManifest.xml:77:13-79:85
122                android:name="com.google.firebase.components:com.google.firebase.auth.FirebaseAuthRegistrar"
122-->[com.google.firebase:firebase-auth:21.0.1] AndroidManifest.xml:78:17-109
123                android:value="com.google.firebase.components.ComponentRegistrar" />
123-->[com.google.firebase:firebase-auth:21.0.1] AndroidManifest.xml:79:17-82
124            <meta-data
124-->[com.google.firebase:firebase-messaging:22.0.0] AndroidManifest.xml:52:13-54:85
125                android:name="com.google.firebase.components:com.google.firebase.messaging.FirebaseMessagingRegistrar"
125-->[com.google.firebase:firebase-messaging:22.0.0] AndroidManifest.xml:53:17-119
126                android:value="com.google.firebase.components.ComponentRegistrar" />
126-->[com.google.firebase:firebase-messaging:22.0.0] AndroidManifest.xml:54:17-82
127            <meta-data
127-->[com.google.firebase:firebase-database:20.0.0] AndroidManifest.xml:32:13-34:85
128                android:name="com.google.firebase.components:com.google.firebase.database.DatabaseRegistrar"
128-->[com.google.firebase:firebase-database:20.0.0] AndroidManifest.xml:33:17-109
129                android:value="com.google.firebase.components.ComponentRegistrar" />
129-->[com.google.firebase:firebase-database:20.0.0] AndroidManifest.xml:34:17-82
130            <meta-data
130-->[com.google.firebase:firebase-datatransport:18.0.0] AndroidManifest.xml:28:13-30:85
131                android:name="com.google.firebase.components:com.google.firebase.datatransport.TransportRegistrar"
131-->[com.google.firebase:firebase-datatransport:18.0.0] AndroidManifest.xml:29:17-115
132                android:value="com.google.firebase.components.ComponentRegistrar" />
132-->[com.google.firebase:firebase-datatransport:18.0.0] AndroidManifest.xml:30:17-82
133            <meta-data
133-->[com.google.firebase:firebase-installations:17.0.0] AndroidManifest.xml:18:13-20:85
134                android:name="com.google.firebase.components:com.google.firebase.installations.FirebaseInstallationsRegistrar"
134-->[com.google.firebase:firebase-installations:17.0.0] AndroidManifest.xml:19:17-127
135                android:value="com.google.firebase.components.ComponentRegistrar" />
135-->[com.google.firebase:firebase-installations:17.0.0] AndroidManifest.xml:20:17-82
136        </service>
137
138        <provider
138-->[:firebase_messaging] AndroidManifest.xml:39:9-43:38
139            android:name="io.flutter.plugins.firebase.messaging.FlutterFirebaseMessagingInitProvider"
139-->[:firebase_messaging] AndroidManifest.xml:40:13-102
140            android:authorities="com.example.newmap.flutterfirebasemessaginginitprovider"
140-->[:firebase_messaging] AndroidManifest.xml:41:13-88
141            android:exported="false"
141-->[:firebase_messaging] AndroidManifest.xml:42:13-37
142            android:initOrder="99" />
142-->[:firebase_messaging] AndroidManifest.xml:43:13-35
143
144        <activity
144-->[:url_launcher] AndroidManifest.xml:8:9-11:74
145            android:name="io.flutter.plugins.urllauncher.WebViewActivity"
145-->[:url_launcher] AndroidManifest.xml:9:13-74
146            android:exported="false"
146-->[:url_launcher] AndroidManifest.xml:10:13-37
147            android:theme="@android:style/Theme.NoTitleBar.Fullscreen" />
147-->[:url_launcher] AndroidManifest.xml:11:13-71
148
149        <receiver android:name="com.dexterous.flutterlocalnotifications.ScheduledNotificationReceiver" />
149-->[:flutter_local_notifications] AndroidManifest.xml:12:9-106
149-->[:flutter_local_notifications] AndroidManifest.xml:12:19-103
150        <receiver android:name="com.dexterous.flutterlocalnotifications.ScheduledNotificationBootReceiver" >
150-->[:flutter_local_notifications] AndroidManifest.xml:13:9-20:20
150-->[:flutter_local_notifications] AndroidManifest.xml:13:19-107
151            <intent-filter>
151-->[:flutter_local_notifications] AndroidManifest.xml:14:13-19:29
152                <action android:name="android.intent.action.BOOT_COMPLETED" />
152-->[:flutter_local_notifications] AndroidManifest.xml:15:17-79
152-->[:flutter_local_notifications] AndroidManifest.xml:15:25-76
153                <action android:name="android.intent.action.MY_PACKAGE_REPLACED" />
153-->[:flutter_local_notifications] AndroidManifest.xml:16:17-84
153-->[:flutter_local_notifications] AndroidManifest.xml:16:25-81
154                <action android:name="android.intent.action.QUICKBOOT_POWERON" />
154-->[:flutter_local_notifications] AndroidManifest.xml:17:17-82
154-->[:flutter_local_notifications] AndroidManifest.xml:17:25-79
155                <action android:name="com.htc.intent.action.QUICKBOOT_POWERON" />
155-->[:flutter_local_notifications] AndroidManifest.xml:18:17-82
155-->[:flutter_local_notifications] AndroidManifest.xml:18:25-79
156            </intent-filter>
157        </receiver>
158
159        <activity
159-->[com.google.firebase:firebase-auth:21.0.1] AndroidManifest.xml:27:9-44:20
160            android:name="com.google.firebase.auth.internal.GenericIdpActivity"
160-->[com.google.firebase:firebase-auth:21.0.1] AndroidManifest.xml:28:13-80
161            android:excludeFromRecents="true"
161-->[com.google.firebase:firebase-auth:21.0.1] AndroidManifest.xml:29:13-46
162            android:exported="true"
162-->[com.google.firebase:firebase-auth:21.0.1] AndroidManifest.xml:30:13-36
163            android:launchMode="singleTask"
163-->[com.google.firebase:firebase-auth:21.0.1] AndroidManifest.xml:31:13-44
164            android:theme="@android:style/Theme.Translucent.NoTitleBar" >
164-->[com.google.firebase:firebase-auth:21.0.1] AndroidManifest.xml:32:13-72
165            <intent-filter>
165-->[com.google.firebase:firebase-auth:21.0.1] AndroidManifest.xml:33:13-43:29
166                <action android:name="android.intent.action.VIEW" />
166-->[com.google.firebase:firebase-auth:21.0.1] AndroidManifest.xml:34:17-69
166-->[com.google.firebase:firebase-auth:21.0.1] AndroidManifest.xml:34:25-66
167
168                <category android:name="android.intent.category.DEFAULT" />
168-->[com.google.firebase:firebase-auth:21.0.1] AndroidManifest.xml:36:17-76
168-->[com.google.firebase:firebase-auth:21.0.1] AndroidManifest.xml:36:27-73
169                <category android:name="android.intent.category.BROWSABLE" />
169-->[com.google.firebase:firebase-auth:21.0.1] AndroidManifest.xml:37:17-78
169-->[com.google.firebase:firebase-auth:21.0.1] AndroidManifest.xml:37:27-75
170
171                <data
171-->[com.google.firebase:firebase-auth:21.0.1] AndroidManifest.xml:39:17-42:51
172                    android:host="firebase.auth"
172-->[com.google.firebase:firebase-auth:21.0.1] AndroidManifest.xml:40:21-49
173                    android:path="/"
173-->[com.google.firebase:firebase-auth:21.0.1] AndroidManifest.xml:41:21-37
174                    android:scheme="genericidp" />
174-->[com.google.firebase:firebase-auth:21.0.1] AndroidManifest.xml:42:21-48
175            </intent-filter>
176        </activity>
177        <activity
177-->[com.google.firebase:firebase-auth:21.0.1] AndroidManifest.xml:45:9-62:20
178            android:name="com.google.firebase.auth.internal.RecaptchaActivity"
178-->[com.google.firebase:firebase-auth:21.0.1] AndroidManifest.xml:46:13-79
179            android:excludeFromRecents="true"
179-->[com.google.firebase:firebase-auth:21.0.1] AndroidManifest.xml:47:13-46
180            android:exported="true"
180-->[com.google.firebase:firebase-auth:21.0.1] AndroidManifest.xml:48:13-36
181            android:launchMode="singleTask"
181-->[com.google.firebase:firebase-auth:21.0.1] AndroidManifest.xml:49:13-44
182            android:theme="@android:style/Theme.Translucent.NoTitleBar" >
182-->[com.google.firebase:firebase-auth:21.0.1] AndroidManifest.xml:50:13-72
183            <intent-filter>
183-->[com.google.firebase:firebase-auth:21.0.1] AndroidManifest.xml:51:13-61:29
184                <action android:name="android.intent.action.VIEW" />
184-->[com.google.firebase:firebase-auth:21.0.1] AndroidManifest.xml:34:17-69
184-->[com.google.firebase:firebase-auth:21.0.1] AndroidManifest.xml:34:25-66
185
186                <category android:name="android.intent.category.DEFAULT" />
186-->[com.google.firebase:firebase-auth:21.0.1] AndroidManifest.xml:36:17-76
186-->[com.google.firebase:firebase-auth:21.0.1] AndroidManifest.xml:36:27-73
187                <category android:name="android.intent.category.BROWSABLE" />
187-->[com.google.firebase:firebase-auth:21.0.1] AndroidManifest.xml:37:17-78
187-->[com.google.firebase:firebase-auth:21.0.1] AndroidManifest.xml:37:27-75
188
189                <data
189-->[com.google.firebase:firebase-auth:21.0.1] AndroidManifest.xml:39:17-42:51
190                    android:host="firebase.auth"
190-->[com.google.firebase:firebase-auth:21.0.1] AndroidManifest.xml:40:21-49
191                    android:path="/"
191-->[com.google.firebase:firebase-auth:21.0.1] AndroidManifest.xml:41:21-37
192                    android:scheme="recaptcha" />
192-->[com.google.firebase:firebase-auth:21.0.1] AndroidManifest.xml:42:21-48
193            </intent-filter>
194        </activity>
195
196        <service
196-->[com.google.firebase:firebase-auth:21.0.1] AndroidManifest.xml:64:9-73:19
197            android:name="com.google.firebase.auth.api.fallback.service.FirebaseAuthFallbackService"
197-->[com.google.firebase:firebase-auth:21.0.1] AndroidManifest.xml:65:13-101
198            android:enabled="true"
198-->[com.google.firebase:firebase-auth:21.0.1] AndroidManifest.xml:66:13-35
199            android:exported="false" >
199-->[com.google.firebase:firebase-auth:21.0.1] AndroidManifest.xml:67:13-37
200            <intent-filter>
200-->[com.google.firebase:firebase-auth:21.0.1] AndroidManifest.xml:68:13-72:29
201                <action android:name="com.google.firebase.auth.api.gms.service.START" />
201-->[com.google.firebase:firebase-auth:21.0.1] AndroidManifest.xml:69:17-89
201-->[com.google.firebase:firebase-auth:21.0.1] AndroidManifest.xml:69:25-86
202
203                <category android:name="android.intent.category.DEFAULT" />
203-->[com.google.firebase:firebase-auth:21.0.1] AndroidManifest.xml:36:17-76
203-->[com.google.firebase:firebase-auth:21.0.1] AndroidManifest.xml:36:27-73
204            </intent-filter>
205        </service>
206
207        <receiver
207-->[com.google.firebase:firebase-messaging:22.0.0] AndroidManifest.xml:28:9-35:20
208            android:name="com.google.firebase.iid.FirebaseInstanceIdReceiver"
208-->[com.google.firebase:firebase-messaging:22.0.0] AndroidManifest.xml:29:13-78
209            android:exported="true"
209-->[com.google.firebase:firebase-messaging:22.0.0] AndroidManifest.xml:30:13-36
210            android:permission="com.google.android.c2dm.permission.SEND" >
210-->[com.google.firebase:firebase-messaging:22.0.0] AndroidManifest.xml:31:13-73
211            <intent-filter>
211-->[:firebase_messaging] AndroidManifest.xml:28:13-30:29
212                <action android:name="com.google.android.c2dm.intent.RECEIVE" />
212-->[:firebase_messaging] AndroidManifest.xml:29:17-81
212-->[:firebase_messaging] AndroidManifest.xml:29:25-78
213            </intent-filter>
214        </receiver>
215        <!--
216             FirebaseMessagingService performs security checks at runtime,
217             but set to not exported to explicitly avoid allowing another app to call it.
218        -->
219        <service
219-->[com.google.firebase:firebase-messaging:22.0.0] AndroidManifest.xml:41:9-48:19
220            android:name="com.google.firebase.messaging.FirebaseMessagingService"
220-->[com.google.firebase:firebase-messaging:22.0.0] AndroidManifest.xml:42:13-82
221            android:directBootAware="true"
221-->[com.google.firebase:firebase-messaging:22.0.0] AndroidManifest.xml:43:13-43
222            android:exported="false" >
222-->[com.google.firebase:firebase-messaging:22.0.0] AndroidManifest.xml:44:13-37
223            <intent-filter android:priority="-500" >
223-->[:firebase_messaging] AndroidManifest.xml:19:13-21:29
224                <action android:name="com.google.firebase.MESSAGING_EVENT" />
224-->[:firebase_messaging] AndroidManifest.xml:20:17-78
224-->[:firebase_messaging] AndroidManifest.xml:20:25-75
225            </intent-filter>
226        </service> <!-- Needs to be explicitly declared on P+ -->
227        <uses-library
227-->[com.google.android.gms:play-services-maps:17.0.0] AndroidManifest.xml:33:9-35:40
228            android:name="org.apache.http.legacy"
228-->[com.google.android.gms:play-services-maps:17.0.0] AndroidManifest.xml:34:13-50
229            android:required="false" />
229-->[com.google.android.gms:play-services-maps:17.0.0] AndroidManifest.xml:35:13-37
230
231        <activity
231-->[com.google.android.gms:play-services-base:17.1.0] AndroidManifest.xml:23:9-26:75
232            android:name="com.google.android.gms.common.api.GoogleApiActivity"
232-->[com.google.android.gms:play-services-base:17.1.0] AndroidManifest.xml:24:13-79
233            android:exported="false"
233-->[com.google.android.gms:play-services-base:17.1.0] AndroidManifest.xml:25:13-37
234            android:theme="@android:style/Theme.Translucent.NoTitleBar" />
234-->[com.google.android.gms:play-services-base:17.1.0] AndroidManifest.xml:26:13-72
235
236        <provider
236-->[com.google.firebase:firebase-common:20.0.0] AndroidManifest.xml:26:9-31:39
237            android:name="com.google.firebase.provider.FirebaseInitProvider"
237-->[com.google.firebase:firebase-common:20.0.0] AndroidManifest.xml:27:13-77
238            android:authorities="com.example.newmap.firebaseinitprovider"
238-->[com.google.firebase:firebase-common:20.0.0] AndroidManifest.xml:28:13-72
239            android:directBootAware="true"
239-->[com.google.firebase:firebase-common:20.0.0] AndroidManifest.xml:29:13-43
240            android:exported="false"
240-->[com.google.firebase:firebase-common:20.0.0] AndroidManifest.xml:30:13-37
241            android:initOrder="100" />
241-->[com.google.firebase:firebase-common:20.0.0] AndroidManifest.xml:31:13-36
242
243        <meta-data
243-->[com.google.android.gms:play-services-basement:17.1.0] AndroidManifest.xml:23:9-25:69
244            android:name="com.google.android.gms.version"
244-->[com.google.android.gms:play-services-basement:17.1.0] AndroidManifest.xml:24:13-58
245            android:value="@integer/google_play_services_version" />
245-->[com.google.android.gms:play-services-basement:17.1.0] AndroidManifest.xml:25:13-66
246
247        <service
247-->[com.google.android.datatransport:transport-backend-cct:3.0.0] AndroidManifest.xml:29:9-35:19
248            android:name="com.google.android.datatransport.runtime.backends.TransportBackendDiscovery"
248-->[com.google.android.datatransport:transport-backend-cct:3.0.0] AndroidManifest.xml:30:13-103
249            android:exported="false" >
249-->[com.google.android.datatransport:transport-backend-cct:3.0.0] AndroidManifest.xml:31:13-37
250            <meta-data
250-->[com.google.android.datatransport:transport-backend-cct:3.0.0] AndroidManifest.xml:32:13-34:39
251                android:name="backend:com.google.android.datatransport.cct.CctBackendFactory"
251-->[com.google.android.datatransport:transport-backend-cct:3.0.0] AndroidManifest.xml:33:17-94
252                android:value="cct" />
252-->[com.google.android.datatransport:transport-backend-cct:3.0.0] AndroidManifest.xml:34:17-36
253        </service>
254        <service
254-->[com.google.android.datatransport:transport-runtime:3.0.0] AndroidManifest.xml:26:9-30:19
255            android:name="com.google.android.datatransport.runtime.scheduling.jobscheduling.JobInfoSchedulerService"
255-->[com.google.android.datatransport:transport-runtime:3.0.0] AndroidManifest.xml:27:13-117
256            android:exported="false"
256-->[com.google.android.datatransport:transport-runtime:3.0.0] AndroidManifest.xml:28:13-37
257            android:permission="android.permission.BIND_JOB_SERVICE" >
257-->[com.google.android.datatransport:transport-runtime:3.0.0] AndroidManifest.xml:29:13-69
258        </service>
259
260        <receiver
260-->[com.google.android.datatransport:transport-runtime:3.0.0] AndroidManifest.xml:32:9-34:40
261            android:name="com.google.android.datatransport.runtime.scheduling.jobscheduling.AlarmManagerSchedulerBroadcastReceiver"
261-->[com.google.android.datatransport:transport-runtime:3.0.0] AndroidManifest.xml:33:13-132
262            android:exported="false" />
262-->[com.google.android.datatransport:transport-runtime:3.0.0] AndroidManifest.xml:34:13-37
263    </application>
264
265</manifest>